{"level":"debug","message":"Product.controller - Upload function","timestamp":"2016-04-28T08:34:45.434Z"}
{"level":"debug","message":"Product.controller - saveFile function","timestamp":"2016-04-28T08:34:45.436Z"}
{"level":"debug","message":"Product.controller - entity: {\"_id\":\"5721bca3df3fa15c2eb0fbfa\",\"Title\":\"Patterns in Java - A Catalog of Reusable Design Patterns Illustrated with UML, 2nd Edition, Volume 1\",\"Author\":\"Mark Grand\",\"Description\":\"This is the best book on patterns since the Gang of Four's Design Patterns. The book manages to be a resource for three of the most important trends in professional programming: Patterns, Java, and UML\",\"Category\":\"General programming\",\"Price\":350,\"Stock\":6,\"Status\":\"Available\",\"imageUrl\":\"/assets/uploads/product/aW6VL3c3L-NpUP-89RV8XKnE.jpg\",\"__v\":0}","timestamp":"2016-04-28T08:34:45.438Z"}
{"level":"debug","message":"Product.controller - imageUrl: /assets/uploads/product/aW6VL3c3L-NpUP-89RV8XKnE.jpg","timestamp":"2016-04-28T08:34:45.439Z"}
{"level":"debug","message":"Product.controller - Upload function","timestamp":"2016-04-29T02:26:59.680Z"}
{"level":"debug","message":"Product.controller - saveFile function","timestamp":"2016-04-29T02:26:59.683Z"}
{"level":"debug","message":"Product.controller - entity: {\"imageUrl\":\"/assets/uploads/product/glBghDCNH6xR-UGJacrnBgGU.jpg\",\"_id\":\"5722c6736d18557821508686\",\"Title\":\"tes\",\"Author\":\"a\",\"Description\":\"ssdsdsd\",\"Category\":\"sd\",\"Price\":23,\"Stock\":34,\"Status\":\"Available\",\"__v\":0}","timestamp":"2016-04-29T02:26:59.687Z"}
{"level":"debug","message":"Product.controller - imageUrl: /assets/uploads/product/glBghDCNH6xR-UGJacrnBgGU.jpg","timestamp":"2016-04-29T02:26:59.687Z"}
{"level":"debug","message":"Product.controller - Upload function","timestamp":"2016-05-03T02:03:44.539Z"}
{"level":"debug","message":"Product.controller - saveFile function","timestamp":"2016-05-03T02:03:44.543Z"}
{"level":"debug","message":"Product.controller - entity: {\"imageUrl\":\"/assets/uploads/product/undefined\",\"_id\":\"5728070054c381001f1d6e7c\",\"Price\":23500.23,\"ISBN\":\"ISBN 90-70002-34-5\",\"Title\":\"testing ISBN\",\"Author\":\"Andry baka\",\"Description\":\"ssssssasdasdas\",\"Category\":\"asfasasdas\",\"Stock\":2,\"Status\":\"Available\",\"__v\":0}","timestamp":"2016-05-03T02:03:44.548Z"}
{"level":"debug","message":"Product.controller - imageUrl: /assets/uploads/product/undefined","timestamp":"2016-05-03T02:03:44.548Z"}
{"level":"debug","message":"Product.controller - Upload function","timestamp":"2016-05-03T02:07:48.190Z"}
{"level":"debug","message":"Product.controller - saveFile function","timestamp":"2016-05-03T02:07:48.193Z"}
{"level":"debug","message":"Product.controller - entity: {\"imageUrl\":\"/assets/uploads/product/undefined\",\"_id\":\"572807f454c381001f1d6e7d\",\"ISBN\":\"ISBN 90-70002-34-5\",\"Title\":\"wefsf\",\"Author\":\"ewrew\",\"Description\":\"dsfsdfds\",\"Category\":\"ewr\",\"Price\":323,\"Stock\":3,\"Status\":\"Available\",\"__v\":0}","timestamp":"2016-05-03T02:07:48.195Z"}
{"level":"debug","message":"Product.controller - imageUrl: /assets/uploads/product/undefined","timestamp":"2016-05-03T02:07:48.195Z"}
{"level":"debug","message":"Product.controller - Upload function","timestamp":"2016-05-03T02:12:55.535Z"}
{"level":"debug","message":"Product.controller - saveFile function","timestamp":"2016-05-03T02:12:55.536Z"}
{"level":"debug","message":"Product.controller - entity: {\"imageUrl\":\"/assets/uploads/product/undefined\",\"_id\":\"5728090f54c381001f1d6e7e\",\"ISBN\":\"ISBN 90-70002-34-6\",\"Title\":\"dsfdsds\",\"Author\":\"dfgdfg\",\"Description\":\"dfgdfgdfg\",\"Category\":\"dfgdgdfgdf\",\"Price\":4444,\"Stock\":4,\"Status\":\"Available\",\"__v\":0}","timestamp":"2016-05-03T02:12:55.538Z"}
{"level":"debug","message":"Product.controller - imageUrl: /assets/uploads/product/undefined","timestamp":"2016-05-03T02:12:55.538Z"}
{"level":"debug","message":"Product.controller - Upload function","timestamp":"2016-05-03T02:15:42.136Z"}
{"level":"debug","message":"Product.controller - Upload function","timestamp":"2016-05-03T02:16:45.945Z"}
{"level":"debug","message":"Product.controller - saveFile function","timestamp":"2016-05-03T02:16:45.946Z"}
{"level":"debug","message":"Product.controller - entity: {\"imageUrl\":\"/assets/uploads/product/undefined\",\"_id\":\"572809fb54c381001f1d6e80\",\"ISBN\":\"ISBN 90-70002-34-7\",\"Title\":\"dfsvsdvds\",\"Author\":\"dsvdsvsd\",\"Description\":\"dvsdsvds\",\"Category\":\"sdvs\",\"Price\":423,\"Stock\":3,\"Status\":\"Available\",\"__v\":0}","timestamp":"2016-05-03T02:16:45.947Z"}
{"level":"debug","message":"Product.controller - imageUrl: /assets/uploads/product/undefined","timestamp":"2016-05-03T02:16:45.948Z"}
{"level":"debug","message":"Product.controller - Upload function","timestamp":"2016-05-03T02:22:52.257Z"}
{"level":"debug","message":"Product.controller - saveFile function","timestamp":"2016-05-03T02:22:52.263Z"}
{"level":"debug","message":"Product.controller - entity: {\"imageUrl\":\"/assets/uploads/product/undefined\",\"_id\":\"57280b2854c381001f1d6e81\",\"ISBN\":\"ISBN 90-70002-34-9\",\"Title\":\"sdsf\",\"Author\":\"dsfdsfds\",\"Description\":\"sdfsdf\",\"Category\":\"sfsdf\",\"Price\":4322,\"Stock\":3,\"Status\":\"Available\",\"__v\":0}","timestamp":"2016-05-03T02:22:52.267Z"}
{"level":"debug","message":"Product.controller - imageUrl: /assets/uploads/product/undefined","timestamp":"2016-05-03T02:22:52.268Z"}
{"level":"debug","message":"Product.controller - Upload function","timestamp":"2016-05-03T02:35:37.444Z"}
{"level":"debug","message":"Product.controller - saveFile function","timestamp":"2016-05-03T02:35:37.444Z"}
{"level":"debug","message":"Product.controller - entity: {\"imageUrl\":\"/assets/uploads/product/undefined\",\"_id\":\"57280e6f54c381001f1d6e83\",\"Title\":\"isdasfdsfds\",\"ISBN\":\"ISBN 90-70002-35-1\",\"Author\":\"dsfdsf\",\"Description\":\"dsfsdfs\",\"Category\":\"dsfdsdsfdsf\",\"Price\":329,\"Stock\":1,\"Status\":\"Available\",\"__v\":0}","timestamp":"2016-05-03T02:35:37.452Z"}
{"level":"debug","message":"Product.controller - imageUrl: /assets/uploads/product/undefined","timestamp":"2016-05-03T02:35:37.452Z"}
{"level":"debug","message":"Product.controller - Upload function","timestamp":"2016-05-03T02:45:14.204Z"}
{"level":"debug","message":"Product.controller - saveFile function","timestamp":"2016-05-03T02:45:14.204Z"}
{"level":"debug","message":"Product.controller - entity: {\"imageUrl\":\"/assets/uploads/product/eaRHTZaNXXhIjAqrB0uvxPlB.jpg\",\"_id\":\"572810ab54c381001f1d6e84\",\"ISBN\":\"ISBN 90-70002-32-3\",\"Title\":\"anrf\",\"Author\":\"adadasda\",\"Description\":\"fsaasdasdas\",\"Category\":\"asdasdas\",\"Price\":231,\"Stock\":3,\"Status\":\"Available\",\"__v\":0}","timestamp":"2016-05-03T02:45:14.206Z"}
{"level":"debug","message":"Product.controller - imageUrl: /assets/uploads/product/eaRHTZaNXXhIjAqrB0uvxPlB.jpg","timestamp":"2016-05-03T02:45:14.206Z"}
{"level":"debug","message":"Product.controller - Upload function","timestamp":"2016-05-03T02:48:18.963Z"}
{"level":"debug","message":"Product.controller - saveFile function","timestamp":"2016-05-03T02:48:18.963Z"}
{"level":"debug","message":"Product.controller - entity: {\"_id\":\"572810ab54c381001f1d6e84\",\"ISBN\":\"ISBN 90-70002-32-3\",\"Title\":\"anrf\",\"Author\":\"adadasda\",\"Description\":\"fsaasdasdas\",\"Category\":\"asdasdas\",\"Price\":231,\"Stock\":3,\"Status\":\"Available\",\"__v\":0,\"imageUrl\":\"/assets/uploads/product/m9Ffp9bzeitJBB4uQPfXs_D4.jpg\"}","timestamp":"2016-05-03T02:48:18.965Z"}
{"level":"debug","message":"Product.controller - imageUrl: /assets/uploads/product/m9Ffp9bzeitJBB4uQPfXs_D4.jpg","timestamp":"2016-05-03T02:48:18.966Z"}
{"level":"debug","message":"Product.controller - Upload function","timestamp":"2016-05-09T02:56:23.523Z"}
{"level":"debug","message":"Product.controller - saveFile function","timestamp":"2016-05-09T02:56:23.525Z"}
{"level":"debug","message":"Product.controller - entity: {\"imageUrl\":\"/assets/uploads/product/Xrb1G459_Gp-arnyvJGOLsWx.jpg\",\"_id\":\"572ffc573dcc9e642226b3d5\",\"Title\":\"tes\",\"ISBN\":\"ISBN 90-70002-34-6\",\"Author\":\"asdsad\",\"Description\":\"asdfasfasdasdasdasd\",\"Category\":\"asdasdasdasdasasdasasd\",\"Price\":345.67,\"Stock\":2,\"Status\":\"Available\",\"__v\":0}","timestamp":"2016-05-09T02:56:23.530Z"}
{"level":"debug","message":"Product.controller - imageUrl: /assets/uploads/product/Xrb1G459_Gp-arnyvJGOLsWx.jpg","timestamp":"2016-05-09T02:56:23.531Z"}
{"level":"debug","message":"Product.controller - Upload function","timestamp":"2016-05-11T02:58:15.262Z"}
{"level":"debug","message":"Product.controller - saveFile function","timestamp":"2016-05-11T02:58:15.264Z"}
{"level":"debug","message":"Product.controller - entity: {\"imageUrl\":\"/assets/uploads/product/VuZoYilkasEr5yonOyADDFiz.jpg\",\"_id\":\"57329fc7a31c02b81ea6483e\",\"Status\":\"Active\",\"ISBN\":\"ISBN 9783456532345\",\"Title\":\"tes new create\",\"Author\":\"gfsdgdsgdsgdsfds\",\"Description\":\"dfsgdsgdsfdsfsd\",\"Category\":\"Fiction\",\"Price\":3435.23,\"Stock\":100,\"__v\":0,\"CreationDate\":\"2016-05-11T02:58:15.212Z\"}","timestamp":"2016-05-11T02:58:15.267Z"}
{"level":"debug","message":"Product.controller - imageUrl: /assets/uploads/product/VuZoYilkasEr5yonOyADDFiz.jpg","timestamp":"2016-05-11T02:58:15.269Z"}
{"level":"debug","message":"Product.controller - Upload function","timestamp":"2016-05-11T03:42:58.717Z"}
{"level":"debug","message":"Product.controller - saveFile function","timestamp":"2016-05-11T03:42:58.719Z"}
{"level":"debug","message":"Product.controller - entity: {\"imageUrl\":\"/assets/uploads/product/ZnN1UlzPLxiI8J8UPshlWxlT.jpg\",\"_id\":\"5732aa428ab06890215058ac\",\"Status\":\"Active\",\"ISBN\":\"ISBN 9783456532345\",\"Title\":\"tessssss\",\"Author\":\"tessssssssssssss\",\"Description\":\"sssssasfdccccccccccccccccccccccccccccccccccccdassssssssssssssssssssssssssssssssssgggggggggggg\",\"Category\":\"Kids\",\"Price\":558.65,\"Stock\":12,\"__v\":0,\"CreationDate\":\"2016-05-11T03:42:58.682Z\"}","timestamp":"2016-05-11T03:42:58.722Z"}
{"level":"debug","message":"Product.controller - imageUrl: /assets/uploads/product/ZnN1UlzPLxiI8J8UPshlWxlT.jpg","timestamp":"2016-05-11T03:42:58.723Z"}
{"level":"debug","message":"Product.controller - Upload function","timestamp":"2016-05-11T07:03:45.120Z"}
{"level":"debug","message":"Product.controller - saveFile function","timestamp":"2016-05-11T07:03:45.122Z"}
{"level":"debug","message":"Product.controller - entity: {\"imageUrl\":\"/assets/uploads/product/undefined\",\"_id\":\"5732d893a98762e00b542324\",\"Status\":\"Inactive\",\"ISBN\":\"ISBN 9783456532345\",\"Title\":\"asdas\",\"Author\":\"asfasd\",\"Description\":\"asdas\",\"Category\":\"Kids\",\"Price\":32323,\"Stock\":34,\"__v\":0,\"CreationDate\":\"2016-05-11T07:00:35.967Z\"}","timestamp":"2016-05-11T07:03:45.129Z"}
{"level":"debug","message":"Product.controller - imageUrl: /assets/uploads/product/undefined","timestamp":"2016-05-11T07:03:45.129Z"}
{"level":"debug","message":"Product.controller - Upload function","timestamp":"2016-05-11T07:19:14.973Z"}
{"level":"debug","message":"Product.controller - saveFile function","timestamp":"2016-05-11T07:19:14.976Z"}
{"level":"debug","message":"Product.controller - file: [object Object],[object Object],[object Object]","timestamp":"2016-05-11T07:19:14.979Z"}
{"level":"debug","message":"Product.controller - entity: {\"imageUrl\":\"/assets/uploads/product/undefined\",\"_id\":\"5732dcf00516bde40d552ac8\",\"Status\":\"Active\",\"ISBN\":\"ISBN 9783456532345\",\"Title\":\"hgfgfhgfhf\",\"Author\":\"fghgfhgfhgfhgf\",\"Description\":\"gfhgfhgfh\",\"Category\":\"Kids\",\"Price\":4,\"Stock\":4,\"__v\":0,\"CreationDate\":\"2016-05-11T07:19:12.869Z\"}","timestamp":"2016-05-11T07:19:14.981Z"}
{"level":"debug","message":"Product.controller - imageUrl: /assets/uploads/product/undefined","timestamp":"2016-05-11T07:19:14.981Z"}
{"level":"debug","message":"Product.controller - Upload function","timestamp":"2016-05-11T07:22:53.244Z"}
{"level":"debug","message":"Product.controller - saveFile function","timestamp":"2016-05-11T07:22:53.252Z"}
{"level":"debug","message":"Product.controller - file: client\\assets\\uploads\\product\\wMpdARPfrORN5SgR96UWn7B0.jpg","timestamp":"2016-05-11T07:22:53.258Z"}
{"level":"debug","message":"Product.controller - file: client\\assets\\uploads\\product\\aQBvPbaTNicWrdVAF7lCmym6.jpg","timestamp":"2016-05-11T07:22:53.264Z"}
{"level":"debug","message":"Product.controller - file: client\\assets\\uploads\\product\\W0BcA1hfNPDQVd7HGKm0C68c.gif","timestamp":"2016-05-11T07:22:53.265Z"}
{"level":"debug","message":"Product.controller - entity: {\"imageUrl\":\"/assets/uploads/product/undefined\",\"_id\":\"5732ddc8ae4523180326fce0\",\"Status\":\"Active\",\"ISBN\":\"ISBN 9783456532345\",\"Title\":\"ghgnvcvn\",\"Author\":\"cvbcvbcvbcv\",\"Description\":\"cvbcvbcvbcv\",\"Category\":\"Fiction\",\"Price\":445,\"Stock\":45,\"__v\":0,\"CreationDate\":\"2016-05-11T07:22:48.002Z\"}","timestamp":"2016-05-11T07:22:53.268Z"}
{"level":"debug","message":"Product.controller - imageUrl: /assets/uploads/product/undefined","timestamp":"2016-05-11T07:22:53.277Z"}
{"level":"debug","message":"Product.controller - Upload function","timestamp":"2016-05-11T07:32:32.127Z"}
{"level":"debug","message":"Product.controller - saveFile function","timestamp":"2016-05-11T07:32:32.130Z"}
{"level":"debug","message":"Product.controller - simpant file ke entity 1: client\\assets\\uploads\\product\\_jrn7abw_TkirD8K-kOpITrk.jpg","timestamp":"2016-05-11T07:32:32.134Z"}
{"level":"debug","message":"Product.controller - simpant file ke entity 2: client\\assets\\uploads\\product\\l65su0VG0d57LHd1ptif7zTR.jpg","timestamp":"2016-05-11T07:32:32.134Z"}
{"level":"debug","message":"Product.controller - simpant file ke entity 3: client\\assets\\uploads\\product\\gH-pbUD-R5pYAYCFC7YPBn8D.jpg","timestamp":"2016-05-11T07:32:32.135Z"}
{"level":"debug","message":"Product.controller - entity: {\"imageUrl3\":\"/assets/uploads/product/gH-pbUD-R5pYAYCFC7YPBn8D.jpg\",\"imageUrl2\":\"/assets/uploads/product/l65su0VG0d57LHd1ptif7zTR.jpg\",\"imageUrl\":\"/assets/uploads/product/_jrn7abw_TkirD8K-kOpITrk.jpg\",\"_id\":\"5732e010a69325b01368e3de\",\"Status\":\"Active\",\"ISBN\":\"ISBN 9783456532345\",\"Title\":\"asdasd\",\"Author\":\"fdsdsds\",\"Description\":\"dsfdsfds\",\"Category\":\"Fiction\",\"Price\":2343,\"Stock\":33,\"__v\":0,\"CreationDate\":\"2016-05-11T07:32:32.045Z\"}","timestamp":"2016-05-11T07:32:32.137Z"}
{"level":"debug","message":"Product.controller - imageUrl: /assets/uploads/product/_jrn7abw_TkirD8K-kOpITrk.jpg","timestamp":"2016-05-11T07:32:32.139Z"}
{"level":"debug","message":"Product.controller - Upload function","timestamp":"2016-05-11T08:30:20.985Z"}
{"level":"debug","message":"Product.controller - saveFile function","timestamp":"2016-05-11T08:30:20.988Z"}
{"level":"debug","message":"Product.controller - simpant file ke entity 1: client\\assets\\uploads\\product\\EQTmT_ursE4F0xTjXwnzZyem.jpg","timestamp":"2016-05-11T08:30:20.993Z"}
{"level":"debug","message":"Product.controller - simpant file ke entity 2: client\\assets\\uploads\\product\\BOylrJ5o_ymeufayGUYNANzn.jpg","timestamp":"2016-05-11T08:30:20.995Z"}
{"level":"debug","message":"Product.controller - entity: {\"imageUrl2\":\"/assets/uploads/product/BOylrJ5o_ymeufayGUYNANzn.jpg\",\"imageUrl\":\"/assets/uploads/product/EQTmT_ursE4F0xTjXwnzZyem.jpg\",\"_id\":\"5732ed9c5070d71c2b354f1e\",\"Status\":\"Active\",\"ISBN\":\"ISBN 9783456532345\",\"Title\":\"fgdfg\",\"Author\":\"dfgdfg\",\"Description\":\"dfgdf\",\"Category\":\"Fiction\",\"Price\":34,\"Stock\":32,\"__v\":0,\"CreationDate\":\"2016-05-11T08:30:20.920Z\"}","timestamp":"2016-05-11T08:30:20.996Z"}
{"level":"debug","message":"Product.controller - imageUrl: /assets/uploads/product/EQTmT_ursE4F0xTjXwnzZyem.jpg","timestamp":"2016-05-11T08:30:20.998Z"}
{"level":"debug","message":"Product.controller - Upload function","timestamp":"2016-05-12T02:22:13.529Z"}
{"level":"debug","message":"Product.controller - saveFile function","timestamp":"2016-05-12T02:22:13.535Z"}
{"level":"debug","message":"Product.controller - simpant file ke entity 1: client\\assets\\uploads\\product\\VbJbMs0TtXgsiiBLVpVFDgh4.jpg","timestamp":"2016-05-12T02:22:13.540Z"}
{"level":"debug","message":"Product.controller - simpant file ke entity 2: client\\assets\\uploads\\product\\WNvCJNCVp0JeRJ99NMD8wzpj.jpg","timestamp":"2016-05-12T02:22:13.541Z"}
{"level":"debug","message":"Product.controller - entity: {\"imageUrl2\":\"/assets/uploads/product/WNvCJNCVp0JeRJ99NMD8wzpj.jpg\",\"imageUrl1\":\"/assets/uploads/product/VbJbMs0TtXgsiiBLVpVFDgh4.jpg\",\"_id\":\"5733e8d5be3509401e759196\",\"Status\":\"Active\",\"mainImage\":2,\"ISBN\":\"ISBN 9783456532345\",\"Title\":\"asdasd\",\"Author\":\"asdasd\",\"Description\":\"dsfds\",\"Category\":\"Kids\",\"Price\":2343,\"Stock\":34,\"__v\":0,\"CreationDate\":\"2016-05-12T02:22:13.444Z\"}","timestamp":"2016-05-12T02:22:13.542Z"}
{"level":"debug","message":"Product.controller - imageUrl: undefined","timestamp":"2016-05-12T02:22:13.543Z"}
